SF:lib/src/data/model/data_model.dart
DA:6,2
DA:10,2
DA:18,2
DA:19,1
DA:20,1
DA:21,1
LF:6
LH:6
end_of_record
SF:lib/src/domain/entities/data_entity.dart
DA:4,2
LF:1
LH:1
end_of_record
SF:lib/src/data/model/response_model.dart
DA:7,2
DA:9,2
DA:10,2
DA:14,2
DA:15,1
DA:16,1
LF:6
LH:6
end_of_record
SF:lib/src/domain/entities/response_entity.dart
DA:6,4
LF:1
LH:1
end_of_record
SF:lib/src/domain/entities/request_entity.dart
DA:4,3
LF:1
LH:1
end_of_record
SF:lib/src/domain/errors/digital_currency_errors.dart
DA:7,5
DA:16,2
LF:2
LH:2
end_of_record
SF:lib/src/domain/usecases/dispose_resources.dart
DA:12,1
DA:16,1
DA:17,2
LF:3
LH:3
end_of_record
SF:lib/src/domain/usecases/get_data.dart
DA:18,1
DA:23,1
DA:25,2
LF:3
LH:3
end_of_record
SF:lib/src/domain/usecases/get_data_real_time.dart
DA:18,1
DA:23,1
DA:25,3
LF:3
LH:3
end_of_record
SF:lib/src/external/api/get_data_api.dart
DA:16,1
DA:22,1
DA:24,3
DA:25,1
DA:26,1
DA:28,2
DA:29,1
DA:30,2
DA:34,1
DA:35,2
LF:10
LH:10
end_of_record
SF:lib/src/external/local_date/local_date_util.dart
DA:15,1
DA:17,1
DA:20,1
DA:22,1
DA:25,1
DA:27,3
LF:6
LH:6
end_of_record
SF:lib/src/data/repository/digital_currency_repository.dart
DA:12,1
DA:16,1
DA:19,3
DA:20,1
DA:21,1
DA:25,1
DA:26,1
DA:27,2
DA:30,1
DA:31,2
DA:37,1
DA:39,3
DA:42,1
DA:43,2
LF:14
LH:14
end_of_record
