SF:lib/src/domain/entities/data_entity.dart
DA:4,1
LF:1
LH:1
end_of_record
SF:lib/src/domain/entities/request_entity.dart
DA:4,2
LF:1
LH:1
end_of_record
SF:lib/src/domain/entities/response_entity.dart
DA:6,2
LF:1
LH:1
end_of_record
SF:lib/src/domain/errors/digital_currency_errors.dart
DA:7,3
DA:16,2
LF:2
LH:2
end_of_record
SF:lib/src/domain/usecases/get_data.dart
DA:18,1
DA:23,1
DA:25,2
LF:3
LH:3
end_of_record
SF:lib/src/data/model/data_model.dart
DA:6,1
DA:10,1
DA:18,0
DA:19,0
DA:20,0
DA:21,0
LF:6
LH:2
end_of_record
SF:lib/src/data/model/response_model.dart
DA:7,1
DA:9,1
DA:10,1
DA:14,0
DA:15,0
DA:16,0
LF:6
LH:3
end_of_record
SF:lib/src/data/repository/digital_currency_repository.dart
DA:12,1
DA:16,1
DA:19,3
DA:20,1
DA:21,1
DA:26,1
DA:27,2
LF:7
LH:7
end_of_record
